{"/Users/e123914/Desktop/project/learning/best/src/App.js": {"path":"/Users/e123914/Desktop/project/learning/best/src/App.js","statementMap":{"0":{"start":{"line":11,"column":22},"end":{"line":11,"column":38}},"1":{"start":{"line":13,"column":25},"end":{"line":15,"column":3}},"2":{"start":{"line":14,"column":4},"end":{"line":14,"column":29}},"3":{"start":{"line":17,"column":2},"end":{"line":29,"column":3}},"4":{"start":{"line":22,"column":49},"end":{"line":22,"column":69}},"5":{"start":{"line":23,"column":49},"end":{"line":23,"column":69}}},"fnMap":{"0":{"name":"App","decl":{"start":{"line":10,"column":9},"end":{"line":10,"column":12}},"loc":{"start":{"line":10,"column":15},"end":{"line":30,"column":1}},"line":10},"1":{"name":"(anonymous_1)","decl":{"start":{"line":13,"column":25},"end":{"line":13,"column":26}},"loc":{"start":{"line":13,"column":34},"end":{"line":15,"column":3}},"line":13},"2":{"name":"(anonymous_2)","decl":{"start":{"line":22,"column":43},"end":{"line":22,"column":44}},"loc":{"start":{"line":22,"column":49},"end":{"line":22,"column":69}},"line":22},"3":{"name":"(anonymous_3)","decl":{"start":{"line":23,"column":43},"end":{"line":23,"column":44}},"loc":{"start":{"line":23,"column":49},"end":{"line":23,"column":69}},"line":23}},"branchMap":{},"s":{"0":0,"1":0,"2":0,"3":0,"4":0,"5":0},"f":{"0":0,"1":0,"2":0,"3":0},"b":{}}
,"/Users/e123914/Desktop/project/learning/best/src/index.js": {"path":"/Users/e123914/Desktop/project/learning/best/src/index.js","statementMap":{"0":{"start":{"line":9,"column":13},"end":{"line":9,"column":56}},"1":{"start":{"line":10,"column":0},"end":{"line":14,"column":2}}},"fnMap":{},"branchMap":{},"s":{"0":0,"1":0},"f":{},"b":{}}
,"/Users/e123914/Desktop/project/learning/best/src/theme.js": {"path":"/Users/e123914/Desktop/project/learning/best/src/theme.js","statementMap":{"0":{"start":{"line":4,"column":14},"end":{"line":12,"column":2}}},"fnMap":{},"branchMap":{},"s":{"0":1},"f":{},"b":{},"_coverageSchema":"1a1c01bbd47fc00a2c39e90264f33305004495a9","hash":"dae4d2952ab055e3bc1470b4c5559165ab2f6abe"}
,"/Users/e123914/Desktop/project/learning/best/src/Component/FooterData.js": {"path":"/Users/e123914/Desktop/project/learning/best/src/Component/FooterData.js","statementMap":{"0":{"start":{"line":6,"column":2},"end":{"line":21,"column":4}}},"fnMap":{"0":{"name":"FooterData","decl":{"start":{"line":5,"column":9},"end":{"line":5,"column":19}},"loc":{"start":{"line":5,"column":22},"end":{"line":22,"column":1}},"line":5}},"branchMap":{},"s":{"0":3},"f":{"0":3},"b":{},"_coverageSchema":"1a1c01bbd47fc00a2c39e90264f33305004495a9","hash":"d78f3d401247a8db5d6eec0619ebd52f05c53e58"}
,"/Users/e123914/Desktop/project/learning/best/src/Component/NumberForm.js": {"path":"/Users/e123914/Desktop/project/learning/best/src/Component/NumberForm.js","statementMap":{"0":{"start":{"line":5,"column":18},"end":{"line":31,"column":3}},"1":{"start":{"line":5,"column":41},"end":{"line":31,"column":1}},"2":{"start":{"line":33,"column":20},"end":{"line":141,"column":1}},"3":{"start":{"line":34,"column":20},"end":{"line":34,"column":31}},"4":{"start":{"line":35,"column":32},"end":{"line":35,"column":44}},"5":{"start":{"line":36,"column":30},"end":{"line":36,"column":42}},"6":{"start":{"line":37,"column":28},"end":{"line":37,"column":40}},"7":{"start":{"line":39,"column":28},"end":{"line":53,"column":5}},"8":{"start":{"line":40,"column":19},"end":{"line":40,"column":21}},"9":{"start":{"line":41,"column":8},"end":{"line":47,"column":9}},"10":{"start":{"line":42,"column":12},"end":{"line":42,"column":55}},"11":{"start":{"line":43,"column":15},"end":{"line":47,"column":9}},"12":{"start":{"line":44,"column":12},"end":{"line":44,"column":72}},"13":{"start":{"line":45,"column":15},"end":{"line":47,"column":9}},"14":{"start":{"line":46,"column":12},"end":{"line":46,"column":68}},"15":{"start":{"line":48,"column":8},"end":{"line":51,"column":9}},"16":{"start":{"line":49,"column":12},"end":{"line":49,"column":24}},"17":{"start":{"line":50,"column":12},"end":{"line":50,"column":19}},"18":{"start":{"line":52,"column":8},"end":{"line":52,"column":20}},"19":{"start":{"line":54,"column":25},"end":{"line":63,"column":5}},"20":{"start":{"line":55,"column":8},"end":{"line":55,"column":31}},"21":{"start":{"line":57,"column":23},"end":{"line":57,"column":40}},"22":{"start":{"line":58,"column":8},"end":{"line":62,"column":9}},"23":{"start":{"line":59,"column":24},"end":{"line":59,"column":187}},"24":{"start":{"line":61,"column":12},"end":{"line":61,"column":39}},"25":{"start":{"line":65,"column":25},"end":{"line":71,"column":5}},"26":{"start":{"line":66,"column":26},"end":{"line":66,"column":38}},"27":{"start":{"line":68,"column":8},"end":{"line":70,"column":9}},"28":{"start":{"line":69,"column":12},"end":{"line":69,"column":29}},"29":{"start":{"line":73,"column":30},"end":{"line":78,"column":5}},"30":{"start":{"line":74,"column":26},"end":{"line":74,"column":38}},"31":{"start":{"line":75,"column":8},"end":{"line":77,"column":9}},"32":{"start":{"line":76,"column":12},"end":{"line":76,"column":40}},"33":{"start":{"line":79,"column":29},"end":{"line":84,"column":5}},"34":{"start":{"line":80,"column":26},"end":{"line":80,"column":38}},"35":{"start":{"line":81,"column":8},"end":{"line":83,"column":9}},"36":{"start":{"line":82,"column":12},"end":{"line":82,"column":39}},"37":{"start":{"line":86,"column":4},"end":{"line":140,"column":6}}},"fnMap":{"0":{"name":"(anonymous_0)","decl":{"start":{"line":5,"column":29},"end":{"line":5,"column":30}},"loc":{"start":{"line":5,"column":41},"end":{"line":31,"column":1}},"line":5},"1":{"name":"(anonymous_1)","decl":{"start":{"line":33,"column":20},"end":{"line":33,"column":21}},"loc":{"start":{"line":33,"column":42},"end":{"line":141,"column":1}},"line":33},"2":{"name":"(anonymous_2)","decl":{"start":{"line":39,"column":28},"end":{"line":39,"column":29}},"loc":{"start":{"line":39,"column":34},"end":{"line":53,"column":5}},"line":39},"3":{"name":"(anonymous_3)","decl":{"start":{"line":54,"column":25},"end":{"line":54,"column":26}},"loc":{"start":{"line":54,"column":36},"end":{"line":63,"column":5}},"line":54},"4":{"name":"(anonymous_4)","decl":{"start":{"line":65,"column":25},"end":{"line":65,"column":26}},"loc":{"start":{"line":65,"column":36},"end":{"line":71,"column":5}},"line":65},"5":{"name":"(anonymous_5)","decl":{"start":{"line":73,"column":30},"end":{"line":73,"column":31}},"loc":{"start":{"line":73,"column":39},"end":{"line":78,"column":5}},"line":73},"6":{"name":"(anonymous_6)","decl":{"start":{"line":79,"column":29},"end":{"line":79,"column":30}},"loc":{"start":{"line":79,"column":38},"end":{"line":84,"column":5}},"line":79}},"branchMap":{"0":{"loc":{"start":{"line":41,"column":8},"end":{"line":47,"column":9}},"type":"if","locations":[{"start":{"line":41,"column":8},"end":{"line":47,"column":9}},{"start":{"line":43,"column":15},"end":{"line":47,"column":9}}],"line":41},"1":{"loc":{"start":{"line":43,"column":15},"end":{"line":47,"column":9}},"type":"if","locations":[{"start":{"line":43,"column":15},"end":{"line":47,"column":9}},{"start":{"line":45,"column":15},"end":{"line":47,"column":9}}],"line":43},"2":{"loc":{"start":{"line":45,"column":15},"end":{"line":47,"column":9}},"type":"if","locations":[{"start":{"line":45,"column":15},"end":{"line":47,"column":9}},{"start":{},"end":{}}],"line":45},"3":{"loc":{"start":{"line":48,"column":8},"end":{"line":51,"column":9}},"type":"if","locations":[{"start":{"line":48,"column":8},"end":{"line":51,"column":9}},{"start":{},"end":{}}],"line":48},"4":{"loc":{"start":{"line":58,"column":8},"end":{"line":62,"column":9}},"type":"if","locations":[{"start":{"line":58,"column":8},"end":{"line":62,"column":9}},{"start":{},"end":{}}],"line":58},"5":{"loc":{"start":{"line":68,"column":8},"end":{"line":70,"column":9}},"type":"if","locations":[{"start":{"line":68,"column":8},"end":{"line":70,"column":9}},{"start":{},"end":{}}],"line":68},"6":{"loc":{"start":{"line":75,"column":8},"end":{"line":77,"column":9}},"type":"if","locations":[{"start":{"line":75,"column":8},"end":{"line":77,"column":9}},{"start":{},"end":{}}],"line":75},"7":{"loc":{"start":{"line":81,"column":8},"end":{"line":83,"column":9}},"type":"if","locations":[{"start":{"line":81,"column":8},"end":{"line":83,"column":9}},{"start":{},"end":{}}],"line":81}},"s":{"0":1,"1":8,"2":1,"3":17,"4":17,"5":17,"6":17,"7":17,"8":4,"9":4,"10":1,"11":3,"12":1,"13":2,"14":1,"15":4,"16":3,"17":3,"18":1,"19":17,"20":4,"21":4,"22":4,"23":1,"24":1,"25":17,"26":4,"27":4,"28":4,"29":17,"30":3,"31":3,"32":3,"33":17,"34":2,"35":2,"36":2,"37":17},"f":{"0":8,"1":17,"2":4,"3":4,"4":4,"5":3,"6":2},"b":{"0":[1,3],"1":[1,2],"2":[1,1],"3":[3,1],"4":[1,3],"5":[4,0],"6":[3,0],"7":[2,0]},"_coverageSchema":"1a1c01bbd47fc00a2c39e90264f33305004495a9","hash":"d877513ee50a20e1b2a3dd259f7cdc96bcbc7a0d"}
,"/Users/e123914/Desktop/project/learning/best/src/Component/i18n.js": {"path":"/Users/e123914/Desktop/project/learning/best/src/Component/i18n.js","statementMap":{"0":{"start":{"line":7,"column":0},"end":{"line":21,"column":5}}},"fnMap":{},"branchMap":{},"s":{"0":0},"f":{},"b":{}}
}
