TN:
SF:src/App.js
FN:10,App
FN:13,(anonymous_1)
FN:22,(anonymous_2)
FN:23,(anonymous_3)
FNF:4
FNH:0
FNDA:0,App
FNDA:0,(anonymous_1)
FNDA:0,(anonymous_2)
FNDA:0,(anonymous_3)
DA:11,0
DA:13,0
DA:14,0
DA:17,0
DA:22,0
DA:23,0
LF:6
LH:0
BRF:0
BRH:0
end_of_record
TN:
SF:src/index.js
FNF:0
FNH:0
DA:9,0
DA:10,0
LF:2
LH:0
BRF:0
BRH:0
end_of_record
TN:
SF:src/theme.js
FNF:0
FNH:0
DA:4,1
LF:1
LH:1
BRF:0
BRH:0
end_of_record
TN:
SF:src/Component/FooterData.js
FN:5,FooterData
FNF:1
FNH:1
FNDA:3,FooterData
DA:6,3
LF:1
LH:1
BRF:0
BRH:0
end_of_record
TN:
SF:src/Component/NumberForm.js
FN:5,(anonymous_0)
FN:33,(anonymous_1)
FN:39,(anonymous_2)
FN:54,(anonymous_3)
FN:65,(anonymous_4)
FN:73,(anonymous_5)
FN:79,(anonymous_6)
FNF:7
FNH:7
FNDA:8,(anonymous_0)
FNDA:17,(anonymous_1)
FNDA:4,(anonymous_2)
FNDA:4,(anonymous_3)
FNDA:4,(anonymous_4)
FNDA:3,(anonymous_5)
FNDA:2,(anonymous_6)
DA:5,8
DA:33,1
DA:34,17
DA:35,17
DA:36,17
DA:37,17
DA:39,17
DA:40,4
DA:41,4
DA:42,1
DA:43,3
DA:44,1
DA:45,2
DA:46,1
DA:48,4
DA:49,3
DA:50,3
DA:52,1
DA:54,17
DA:55,4
DA:57,4
DA:58,4
DA:59,1
DA:61,1
DA:65,17
DA:66,4
DA:68,4
DA:69,4
DA:73,17
DA:74,3
DA:75,3
DA:76,3
DA:79,17
DA:80,2
DA:81,2
DA:82,2
DA:86,17
LF:37
LH:37
BRDA:41,0,0,1
BRDA:41,0,1,3
BRDA:43,1,0,1
BRDA:43,1,1,2
BRDA:45,2,0,1
BRDA:45,2,1,1
BRDA:48,3,0,3
BRDA:48,3,1,1
BRDA:58,4,0,1
BRDA:58,4,1,3
BRDA:68,5,0,4
BRDA:68,5,1,0
BRDA:75,6,0,3
BRDA:75,6,1,0
BRDA:81,7,0,2
BRDA:81,7,1,0
BRF:16
BRH:13
end_of_record
TN:
SF:src/Component/i18n.js
FNF:0
FNH:0
DA:7,0
LF:1
LH:0
BRF:0
BRH:0
end_of_record
